[00:00:30] [Server thread/INFO]: plumbeer lost connection: Internal Exception: java.io.IOException: Удаленный хост принудительно разорвал существующее подключение
[00:00:30] [Server thread/INFO]: plumbeer left the game
[00:03:27] [Server thread/INFO]: plumbeer[/25.53.250.104:60351] logged in with entity id 977140 at (17.75211831643089, 73.0, 251.3229582770715)
[00:03:27] [Server thread/INFO]: plumbeer joined the game
[00:03:40] [Server thread/INFO]: <plumbeer> я вернулась
[00:03:48] [Server thread/INFO]: <архивариус> ПРИВКИ
[00:23:51] [Server thread/WARN]: Can't keep up! Did the system time change, or is the server overloaded? Running 2173ms behind, skipping 43 tick(s)
[00:23:51] [Server thread/WARN]: plumbeer moved too quickly! 82.5981951708981,4.0,353.11884059725384
[00:25:34] [Server thread/INFO]: <plumbeer> го спать
[00:25:44] [Server thread/INFO]: <архивариус> +
[00:26:40] [Server thread/INFO]: plumbeer was shot by Skeleton
[00:26:56] [Server thread/WARN]: plumbeer moved too quickly! 7.452756370087187,-1.0,-6.851405617774418
[00:29:02] [Server thread/INFO]: <архивариус> УМЕНЯ крипер на базе
[00:29:22] [Server thread/INFO]: <архивариус> мне нужна помошь убийны криперов 0)
[00:29:34] [Server thread/INFO]: <plumbeer> я занята
[00:29:53] [Server thread/INFO]: <plumbeer> у теья красная овца бегает
[00:30:01] [Server thread/INFO]: <архивариус> за оградой ?
[00:30:06] [Server thread/INFO]: <plumbeer> да
[00:30:11] [Server thread/INFO]: <архивариус> лол
[00:30:14] [Server thread/INFO]: <plumbeer> где крипер?
[00:30:20] [Server thread/INFO]: <архивариус> пропал
[00:30:48] [Server thread/INFO]: <архивариус> заценила мой экстерьер ?
[00:31:00] [Server thread/INFO]: <plumbeer> жесть
[00:33:00] [Server thread/INFO]: <архивариус> как буд-то овцы вывалились из хера
[00:34:19] [Server thread/INFO]: <plumbeer> че?
[00:34:25] [Server thread/INFO]: <архивариус> смотрю ты время зря не теряла
[00:34:37] [Server thread/INFO]: <архивариус> а где ты столько желтой шерсти нашла ?
[00:34:48] [Server thread/INFO]: <plumbeer> сделала из желтого пигмента
[00:35:01] [Server thread/INFO]: <архивариус> а пигмент из моих подсолнухов ?
[00:35:11] [Server thread/INFO]: <plumbeer> шо?из моих цветочков
[00:35:48] [Server thread/WARN]: архивариус moved wrongly!
[00:36:17] [Server thread/INFO]: <архивариус> го спть
[00:36:41] [Server thread/INFO]: <plumbeer> шо ты делаешь?
[00:36:42] [Server thread/INFO]: <архивариус> а кровати нет
[00:36:52] [Server thread/INFO]: <архивариус> где мне спать ?
[00:37:39] [Server thread/INFO]: <plumbeer> дай один желтый цветок
[00:37:46] [Server thread/INFO]: <архивариус> он дома
[00:38:29] [Server thread/INFO]: <архивариус> кс
[00:38:38] [Server thread/INFO]: <архивариус> еиди ко мне
[00:39:19] [Server thread/INFO]: <архивариус> эй
[00:39:26] [Server thread/INFO]: <архивариус> спи
[00:39:31] [Server thread/INFO]: <plumbeer> +
[00:51:01] [Server thread/INFO]: <plumbeer> СЛЮ
[00:51:03] [Server thread/INFO]: <plumbeer> СПЛЮ
[00:51:09] [Server thread/INFO]: <архивариус> +
[01:02:04] [Server thread/INFO]: <архивариус> сон
[01:16:33] [Server thread/INFO]: <архивариус> хо спать?
[01:16:52] [Server thread/INFO]: <plumbeer> ДА
[01:17:08] [Server thread/INFO]: <архивариус> а в жизне ?
[01:17:31] [Server thread/INFO]: <plumbeer> Я ПРО ЖИЗУ
[01:17:41] [Server thread/INFO]: <архивариус> круто
[01:17:46] [Server thread/INFO]: <архивариус> ну тогда прийди ко мне
[01:17:52] [Server thread/INFO]: <архивариус> пошликай на замок
[01:17:54] [Server thread/INFO]: <архивариус> и спатки
[01:18:17] [Server thread/INFO]: <plumbeer> ТЫ ЗАКОНЧИЛ?
[01:18:22] [Server thread/INFO]: <архивариус> нет
[01:18:26] [Server thread/INFO]: <архивариус> но спать хо
[01:19:04] [Server thread/INFO]: <архивариус> иидешь ?
[01:19:08] [Server thread/INFO]: <plumbeer> ЧЕРЕЗ МИНУТУ ПРИДУ К ТЕБЕ В ЗАМОК
[01:19:52] [Server thread/INFO]: <plumbeer> МДУ
[01:22:19] [Server thread/INFO]: <архивариус> а мня найти ?
[01:22:37] [Server thread/INFO]: <архивариус> я на балкончике
[01:22:44] [Server thread/INFO]: <plumbeer> ВИЖУ
[01:23:13] [Server thread/INFO]: <архивариус> сюда дорога есть
[01:23:24] [Server thread/INFO]: <архивариус> как не сможешь
[01:23:28] [Server thread/INFO]: <архивариус> гы
[01:23:35] [Server thread/INFO]: <архивариус> не
[01:23:38] [Server thread/INFO]: <архивариус> бе бей
[01:24:07] [Server thread/INFO]: <plumbeer> ХЗ
[01:24:13] [Server thread/INFO]: <архивариус> сикретик
[01:24:31] [Server thread/INFO]: <архивариус> та не
[01:24:34] [Server thread/INFO]: <архивариус> ну ты ахуела
[01:24:48] [Server thread/INFO]: <архивариус> раз
[01:24:50] [Server thread/INFO]: <plumbeer> ГЫ
[01:24:52] [Server thread/INFO]: <архивариус> мраз
[01:25:16] [Server thread/INFO]: <архивариус> идем спать ?
[01:25:22] [Server thread/INFO]: <plumbeer> ДА
[01:25:25] [Server thread/INFO]: <архивариус> спокойной
[01:25:30] [Server thread/INFO]: архивариус lost connection: Disconnected
[01:25:30] [Server thread/INFO]: архивариус left the game
[01:25:32] [Server thread/INFO]: plumbeer lost connection: Disconnected
[01:25:32] [Server thread/INFO]: plumbeer left the game
